Release 8.2.03i - xst I.34
Copyright (c) 1995-2006 Xilinx, Inc.  All rights reserved.
--> Parameter TMPDIR set to ./xst/projnav.tmp
CPU : 0.00 / 2.06 s | Elapsed : 0.00 / 2.00 s
 
--> Parameter xsthdpdir set to ./xst
CPU : 0.00 / 2.06 s | Elapsed : 0.00 / 2.00 s
 
--> Reading design: filtre_anti_rebond.prj

TABLE OF CONTENTS
  1) Synthesis Options Summary
  2) HDL Compilation
  3) Design Hierarchy Analysis
  4) HDL Analysis
  5) HDL Synthesis
     5.1) HDL Synthesis Report
  6) Advanced HDL Synthesis
     6.1) Advanced HDL Synthesis Report
  7) Low Level Synthesis
  8) Partition Report
  9) Final Report

=========================================================================
*                      Synthesis Options Summary                        *
=========================================================================
---- Source Parameters
Input File Name                    : "filtre_anti_rebond.prj"
Input Format                       : mixed
Ignore Synthesis Constraint File   : NO

---- Target Parameters
Output File Name                   : "filtre_anti_rebond"
Output Format                      : NGC
Target Device                      : XC9500 CPLDs

---- Source Options
Top Module Name                    : filtre_anti_rebond
Automatic FSM Extraction           : YES
FSM Encoding Algorithm             : Auto
Mux Extraction                     : YES
Resource Sharing                   : YES

---- Target Options
Add IO Buffers                     : YES
MACRO Preserve                     : YES
XOR Preserve                       : YES
Equivalent register Removal        : YES

---- General Options
Optimization Goal                  : Speed
Optimization Effort                : 1
Keep Hierarchy                     : YES
RTL Output                         : Yes
Hierarchy Separator                : /
Bus Delimiter                      : <>
Case Specifier                     : maintain

---- Other Options
lso                                : filtre_anti_rebond.lso
verilog2001                        : YES
safe_implementation                : No
wysiwyg                            : NO

=========================================================================


=========================================================================
*                          HDL Compilation                              *
=========================================================================
Compiling vhdl file "//narrhavas/fforest/tp_numerique/filtre_anti-rebond/vhdl.vhd" in Library work.
WARNING:HDLParsers:3530 - Time stamp of file "//narrhavas/fforest/tp_numerique/filtre_anti-rebond/vhdl.vhd" is newer than current system time.
Entity <compteur> compiled.
Entity <compteur> (Architecture <compte>) compiled.
Entity <sequenceur> compiled.
Entity <sequenceur> (Architecture <commande>) compiled.
Entity <filtre_anti_rebond> compiled.
Entity <filtre_anti_rebond> (Architecture <structurelle>) compiled.

=========================================================================
*                     Design Hierarchy Analysis                         *
=========================================================================
Analyzing hierarchy for entity <filtre_anti_rebond> in library <work> (architecture <structurelle>).

Analyzing hierarchy for entity <sequenceur> in library <work> (architecture <commande>).

Analyzing hierarchy for entity <compteur> in library <work> (architecture <compte>).

Building hierarchy successfully finished.

=========================================================================
*                            HDL Analysis                               *
=========================================================================
Analyzing Entity <filtre_anti_rebond> in library <work> (Architecture <structurelle>).
Entity <filtre_anti_rebond> analyzed. Unit <filtre_anti_rebond> generated.

Analyzing Entity <sequenceur> in library <work> (Architecture <commande>).
Entity <sequenceur> analyzed. Unit <sequenceur> generated.

Analyzing Entity <compteur> in library <work> (Architecture <compte>).
Entity <compteur> analyzed. Unit <compteur> generated.


=========================================================================
*                           HDL Synthesis                               *
=========================================================================

Performing bidirectional port resolution...

Synthesizing Unit <sequenceur>.
    Related source file is "//narrhavas/fforest/tp_numerique/filtre_anti-rebond/vhdl.vhd".
    Found finite state machine <FSM_0> for signal <etat>.
    -----------------------------------------------------------------------
    | States             | 4                                              |
    | Transitions        | 10                                             |
    | Inputs             | 2                                              |
    | Outputs            | 2                                              |
    | Clock              | H (rising_edge)                                |
    | Reset              | R (positive)                                   |
    | Reset type         | asynchronous                                   |
    | Reset State        | validation0                                    |
    | Power Up State     | validation0                                    |
    | Encoding           | automatic                                      |
    | Implementation     | automatic                                      |
    -----------------------------------------------------------------------
    Summary:
	inferred   1 Finite State Machine(s).
Unit <sequenceur> synthesized.


Synthesizing Unit <compteur>.
    Related source file is "//narrhavas/fforest/tp_numerique/filtre_anti-rebond/vhdl.vhd".
    Found 1-bit register for signal <fin_comptage>.
    Found 18-bit up counter for signal <AUX>.
    Summary:
	inferred   1 Counter(s).
Unit <compteur> synthesized.


Synthesizing Unit <filtre_anti_rebond>.
    Related source file is "//narrhavas/fforest/tp_numerique/filtre_anti-rebond/vhdl.vhd".
Unit <filtre_anti_rebond> synthesized.


=========================================================================
HDL Synthesis Report

Macro Statistics
# Counters                                             : 1
 18-bit up counter                                     : 1
# Registers                                            : 1
 1-bit register                                        : 1

=========================================================================

=========================================================================
*                       Advanced HDL Synthesis                          *
=========================================================================

Analyzing FSM <FSM_0> for best encoding.
Optimizing FSM <FSM_0> on signal <etat[1:2]> with gray encoding.
-------------------------
 State       | Encoding
-------------------------
 validation0 | 00
 validation1 | 11
 test1       | 10
 test0       | 01
-------------------------

=========================================================================
Advanced HDL Synthesis Report

Macro Statistics
# Counters                                             : 1
 18-bit up counter                                     : 1
# Registers                                            : 3
 Flip-Flops                                            : 3

=========================================================================

=========================================================================
*                         Low Level Synthesis                           *
=========================================================================

Optimizing unit <filtre_anti_rebond> ...

Optimizing unit <sequenceur> ...
  implementation constraint: INIT=r	 : etat_FFd2
  implementation constraint: INIT=r	 : etat_FFd1

Optimizing unit <compteur> ...

=========================================================================
*                          Partition Report                             *
=========================================================================

Partition Implementation Status
-------------------------------

  No Partitions were found in this design.

-------------------------------

=========================================================================
*                            Final Report                               *
=========================================================================
Final Results
RTL Top Level Output File Name     : filtre_anti_rebond.ngr
Top Level Output File Name         : filtre_anti_rebond
Output Format                      : NGC
Optimization Goal                  : Speed
Keep Hierarchy                     : YES
Target Technology                  : XC9500 CPLDs
Macro Preserve                     : YES
XOR Preserve                       : YES
wysiwyg                            : NO

Design Statistics
# IOs                              : 4

Cell Usage :
# BELS                             : 78
#      AND2                        : 41
#      AND3                        : 3
#      AND4                        : 1
#      AND8                        : 1
#      INV                         : 12
#      OR2                         : 3
#      XOR2                        : 17
# FlipFlops/Latches                : 21
#      FD                          : 19
#      FDC                         : 2
# IO Buffers                       : 4
#      IBUF                        : 3
#      OBUF                        : 1
=========================================================================
CPU : 7.52 / 9.61 s | Elapsed : 8.00 / 10.00 s
 
--> 

Total memory usage is 112868 kilobytes

Number of errors   :    0 (   0 filtered)
Number of warnings :    1 (   0 filtered)
Number of infos    :    0 (   0 filtered)

